c:\users\pedro\downloads\pg2022-2-main (1)\pg2022-2-main\hellotriangle-withshaderclass-qua\hellotriangle\debug\vc143.pdb
c:\users\pedro\downloads\pg2022-2-main (1)\pg2022-2-main\hellotriangle-withshaderclass-qua\hellotriangle\debug\vc143.idb
c:\users\pedro\downloads\pg2022-2-main (1)\pg2022-2-main\hellotriangle-withshaderclass-qua\hellotriangle\debug\glad.obj
c:\users\pedro\downloads\pg2022-2-main (1)\pg2022-2-main\hellotriangle-withshaderclass-qua\hellotriangle\debug\source.obj
c:\users\pedro\downloads\pg2022-2-main (1)\pg2022-2-main\hellotriangle-withshaderclass-qua\hellotriangle\debug\shader.obj
c:\users\pedro\downloads\pg2022-2-main (1)\pg2022-2-main\hellotriangle-withshaderclass-qua\hellotriangle\debug\hellotriangle.ilk
c:\users\pedro\downloads\pg2022-2-main (1)\pg2022-2-main\hellotriangle-withshaderclass-qua\debug\hellotriangle.exe
c:\users\pedro\downloads\pg2022-2-main (1)\pg2022-2-main\hellotriangle-withshaderclass-qua\debug\hellotriangle.pdb
c:\users\pedro\documents\github\projetospg2022\exemplo1-shaderclass\hellotriangle\debug\glad.obj
c:\users\pedro\documents\github\projetospg2022\exemplo1-shaderclass\hellotriangle\debug\shader.obj
c:\users\pedro\documents\github\projetospg2022\exemplo1-shaderclass\hellotriangle\debug\source.obj
c:\users\pedro\documents\github\projetospg2022\exemplo1-shaderclass\hellotriangle\debug\hellotriangle.ilk
c:\users\pedro\documents\github\projetospg2022\exemplo1-shaderclass\hellotriangle\debug\vc143.idb
c:\users\pedro\documents\github\projetospg2022\exemplo1-shaderclass\hellotriangle\debug\vc143.pdb
c:\users\pedro\documents\github\projetospg2022\exemplo1-shaderclass\debug\hellotriangle.pdb
c:\users\pedro\documents\github\projetospg2022\exemplo1-shaderclass\debug\hellotriangle.exe
c:\users\pedro\documents\github\projetospg2022\exemplo1-shaderclass\hellotriangle\debug\hellotriangle.tlog\cl.command.1.tlog
c:\users\pedro\documents\github\projetospg2022\exemplo1-shaderclass\hellotriangle\debug\hellotriangle.tlog\cl.read.1.tlog
c:\users\pedro\documents\github\projetospg2022\exemplo1-shaderclass\hellotriangle\debug\hellotriangle.tlog\cl.write.1.tlog
c:\users\pedro\documents\github\projetospg2022\exemplo1-shaderclass\hellotriangle\debug\hellotriangle.tlog\link.command.1.tlog
c:\users\pedro\documents\github\projetospg2022\exemplo1-shaderclass\hellotriangle\debug\hellotriangle.tlog\link.read.1.tlog
c:\users\pedro\documents\github\projetospg2022\exemplo1-shaderclass\hellotriangle\debug\hellotriangle.tlog\link.write.1.tlog
